building the system configuration...
stopping the following units: accounts-daemon.service, avahi-daemon.service, avahi-daemon.socket, display-manager.service, NetworkManager-wait-online.service, nix-gc.timer, nix-optimise.timer, nscd.service, systemd-timesyncd.service, touchegg.service
activating the configuration...
removing group ‘gdm’
removing user ‘gdm-greeter’
removing user ‘gdm-greeter-4’
removing user ‘gdm’
removing user ‘gdm-greeter-1’
removing user ‘gdm-greeter-2’
removing user ‘gdm-greeter-3’
setting up /etc...
removing obsolete symlink ‘/etc/X11/xorg.conf.d/10-evdev.conf’...
removing obsolete symlink ‘/etc/X11/xorg.conf.d/00-keyboard.conf’...
removing obsolete symlink ‘/etc/pam.d/gdm-fingerprint’...
removing obsolete symlink ‘/etc/pam.d/gdm-launch-environment’...
removing obsolete symlink ‘/etc/pam.d/xlock’...
removing obsolete symlink ‘/etc/pam.d/gdm-autologin’...
removing obsolete symlink ‘/etc/pam.d/gdm-password’...
removing obsolete symlink ‘/etc/gdm/Xsession’...
removing obsolete symlink ‘/etc/gdm/custom.conf’...
reloading user units for djoolz...
restarting sysinit-reactivation.target
reloading the following units: dbus.service, firewall.service
restarting the following units: polkit.service, systemd-udevd.service
starting the following units: accounts-daemon.service, avahi-daemon.socket, NetworkManager-wait-online.service, nscd.service, systemd-timesyncd.service
the following new units were started: flatpak-managed-install.service, getty@tty1.service, NetworkManager-dispatcher.service, powertop.service, sys-kernel-debug-tracing.mount, sysinit-reactivation.target, system-getty.slice, systemd-tmpfiles-resetup.service
